<?xml version="1.0" encoding="UTF-8"?>
<!-- Generated by org.testng.reporters.JUnitReportReporter -->
<testsuite hostname="QT-INBG-LT0697" failures="0" tests="2" name="AutomationScripts.Contact_USScript" time="18.880" errors="0" timestamp="2022-09-16T16:10:42 IST" skipped="0">
  <testcase classname="AutomationScripts.Contact_USScript" name="contactus" time="9.512"/>
  <system-out/>
  <testcase classname="AutomationScripts.Contact_USScript" name="contactus" time="9.368"/>
  <system-out/>
</testsuite> <!-- AutomationScripts.Contact_USScript -->
