<?xml version="1.0" encoding="UTF-8"?>
<!-- Generated by org.testng.reporters.JUnitReportReporter -->
<testsuite hostname="QT-INBG-LT0697" failures="0" tests="4" name="AutomationScripts.Sign_inScript" time="39.978" errors="0" timestamp="2022-09-16T16:10:42 IST" skipped="0">
  <testcase classname="AutomationScripts.Sign_inScript" name="signin" time="11.852"/>
  <system-out/>
  <testcase classname="AutomationScripts.Sign_inScript" name="signin" time="9.470"/>
  <system-out/>
  <testcase classname="AutomationScripts.Sign_inScript" name="signin" time="9.225"/>
  <system-out/>
  <testcase classname="AutomationScripts.Sign_inScript" name="signin" time="9.431"/>
  <system-out/>
</testsuite> <!-- AutomationScripts.Sign_inScript -->
